<?xml version="1.0" encoding="UTF-8"?>
<!-- Generated by org.testng.reporters.JUnitReportReporter -->
<testsuite hostname="LAPTOP-7D8OLH25" failures="0" tests="3" name="com.demowebshop.testLayer.HomePageTest" time="0.640" errors="0" timestamp="06 Sept 2023 11:09:58 GMT" skipped="0">
  <testcase classname="com.demowebshop.testLayer.HomePageTest" name="verifyTitle" time="0.071"/>
  <testcase classname="com.demowebshop.testLayer.HomePageTest" name="verifyLoginText" time="0.496"/>
  <testcase classname="com.demowebshop.testLayer.HomePageTest" name="verifyRegisterLink" time="0.073"/>
</testsuite> <!-- com.demowebshop.testLayer.HomePageTest -->
